<?xml version="1.0" encoding="UTF-8"?>
<testng-results skipped="0" failed="1" ignored="0" total="3" passed="2">
  <reporter-output>
  </reporter-output>
  <suite name="Suite" duration-ms="32250" started-at="2016-12-23T16:17:41Z" finished-at="2016-12-23T16:18:13Z">
    <groups>
    </groups>
    <test name="Test" duration-ms="32250" started-at="2016-12-23T16:17:41Z" finished-at="2016-12-23T16:18:13Z">
      <class name="scripts.PrimeFaces">
        <test-method status="PASS" signature="initializeTestBaseSetup(java.lang.String, java.lang.String)[pri:0, instance:scripts.PrimeFaces@3532ec19]" name="initializeTestBaseSetup" is-config="true" duration-ms="20938" started-at="2016-12-23T11:17:41Z" finished-at="2016-12-23T11:18:02Z">
          <params>
            <param index="0">
              <value>
                <![CDATA[firefox]]>
              </value>
            </param>
            <param index="1">
              <value>
                <![CDATA[http://www.primefaces.org/showcase/index.xhtml]]>
              </value>
            </param>
          </params>
          <reporter-output>
          </reporter-output>
        </test-method> <!-- initializeTestBaseSetup -->
        <test-method status="PASS" signature="setUp()[pri:0, instance:scripts.PrimeFaces@3532ec19]" name="setUp" is-config="true" duration-ms="1" started-at="2016-12-23T11:18:02Z" finished-at="2016-12-23T11:18:02Z">
          <reporter-output>
          </reporter-output>
        </test-method> <!-- setUp -->
        <test-method status="PASS" signature="validarMenu()[pri:0, instance:scripts.PrimeFaces@3532ec19]" name="validarMenu" duration-ms="6922" started-at="2016-12-23T11:18:02Z" finished-at="2016-12-23T11:18:08Z">
          <reporter-output>
          </reporter-output>
        </test-method> <!-- validarMenu -->
        <test-method status="PASS" signature="clicMenuInput()[pri:1, instance:scripts.PrimeFaces@3532ec19]" name="clicMenuInput" duration-ms="2167" started-at="2016-12-23T11:18:08Z" finished-at="2016-12-23T11:18:11Z">
          <reporter-output>
          </reporter-output>
        </test-method> <!-- clicMenuInput -->
        <test-method status="FAIL" signature="clicMenuInputEditor()[pri:2, instance:scripts.PrimeFaces@3532ec19]" name="clicMenuInputEditor" duration-ms="323" started-at="2016-12-23T11:18:11Z" finished-at="2016-12-23T11:18:11Z">
          <exception class="java.lang.AssertionError">
            <message>
              <![CDATA[No se encontró el menú Ajax Core]]>
            </message>
            <full-stacktrace>
              <![CDATA[java.lang.AssertionError: No se encontró el menú Ajax Core
	at org.testng.Assert.fail(Assert.java:94)
	at scripts.PrimeFaces.clicMenuInputEditor(PrimeFaces.java:65)
	at sun.reflect.NativeMethodAccessorImpl.invoke0(Native Method)
	at sun.reflect.NativeMethodAccessorImpl.invoke(Unknown Source)
	at sun.reflect.DelegatingMethodAccessorImpl.invoke(Unknown Source)
	at java.lang.reflect.Method.invoke(Unknown Source)
	at org.testng.internal.MethodInvocationHelper.invokeMethod(MethodInvocationHelper.java:104)
	at org.testng.internal.Invoker.invokeMethod(Invoker.java:645)
	at org.testng.internal.Invoker.invokeTestMethod(Invoker.java:851)
	at org.testng.internal.Invoker.invokeTestMethods(Invoker.java:1177)
	at org.testng.internal.TestMethodWorker.invokeTestMethods(TestMethodWorker.java:129)
	at org.testng.internal.TestMethodWorker.run(TestMethodWorker.java:112)
	at org.testng.TestRunner.privateRun(TestRunner.java:756)
	at org.testng.TestRunner.run(TestRunner.java:610)
	at org.testng.SuiteRunner.runTest(SuiteRunner.java:387)
	at org.testng.SuiteRunner.runSequentially(SuiteRunner.java:382)
	at org.testng.SuiteRunner.privateRun(SuiteRunner.java:340)
	at org.testng.SuiteRunner.run(SuiteRunner.java:289)
	at org.testng.SuiteRunnerWorker.runSuite(SuiteRunnerWorker.java:52)
	at org.testng.SuiteRunnerWorker.run(SuiteRunnerWorker.java:86)
	at org.testng.TestNG.runSuitesSequentially(TestNG.java:1293)
	at org.testng.TestNG.runSuitesLocally(TestNG.java:1218)
	at org.testng.TestNG.runSuites(TestNG.java:1133)
	at org.testng.TestNG.run(TestNG.java:1104)
	at org.testng.remote.AbstractRemoteTestNG.run(AbstractRemoteTestNG.java:132)
	at org.testng.remote.RemoteTestNG.initAndRun(RemoteTestNG.java:236)
	at org.testng.remote.RemoteTestNG.main(RemoteTestNG.java:81)
]]>
            </full-stacktrace>
          </exception> <!-- java.lang.AssertionError -->
          <reporter-output>
          </reporter-output>
        </test-method> <!-- clicMenuInputEditor -->
        <test-method status="PASS" signature="tearDown()[pri:0, instance:scripts.PrimeFaces@3532ec19]" name="tearDown" is-config="true" duration-ms="1794" started-at="2016-12-23T11:18:11Z" finished-at="2016-12-23T11:18:13Z">
          <reporter-output>
          </reporter-output>
        </test-method> <!-- tearDown -->
      </class> <!-- scripts.PrimeFaces -->
    </test> <!-- Test -->
  </suite> <!-- Suite -->
</testng-results>
